<?xml version="1.0" encoding="UTF-8"?>
<testsuites>
  <testsuite name="abnormal" timestamp="2024-10-17T14:45:50Z" hostname="226d6849429d" tests="14" skipped="0" failures="0" errors="0" time="0.724">
    <testcase time="0.0210000000000001" classname="abnormal" name="s_count_abnormal_works_with_healthy_input_and_default_arguments"/>
    <testcase time="0.095" classname="abnormal" name="s_count_abnormal_works_with_healthy_input_and_default_arguments"/>
    <testcase time="0.0149999999999999" classname="abnormal" name="s_count_abnormal_works_when_excluding_patients_with_abnormality_at_baseline"/>
    <testcase time="0.0390000000000001" classname="abnormal" name="s_count_abnormal_works_when_excluding_patients_with_abnormality_at_baseline"/>
    <testcase time="0.01" classname="abnormal" name="s_count_abnormal_also_works_with_tibble_and_custom_arguments"/>
    <testcase time="0.024" classname="abnormal" name="s_count_abnormal_also_works_with_tibble_and_custom_arguments"/>
    <testcase time="0.117" classname="abnormal" name="count_abnormal_works_with_default_arguments"/>
    <testcase time="0.0529999999999999" classname="abnormal" name="count_abnormal_works_with_default_arguments"/>
    <testcase time="0.0470000000000002" classname="abnormal" name="count_abnormal_works_with_custom_arguments"/>
    <testcase time="0.107" classname="abnormal" name="count_abnormal_works_with_custom_arguments"/>
    <testcase time="0.1" classname="abnormal" name="count_abnormal_works_with_default_arguments_and_visit"/>
    <testcase time="0.052" classname="abnormal" name="count_abnormal_works_with_default_arguments_and_visit"/>
    <testcase time="0.00599999999999978" classname="abnormal" name="s_count_abnormal_works_with_healthy_input_and_grouped_abnormal_arguments"/>
    <testcase time="0.0379999999999998" classname="abnormal" name="s_count_abnormal_works_with_healthy_input_and_grouped_abnormal_arguments"/>
  </testsuite>
  <testsuite name="abnormal_by_baseline" timestamp="2024-10-17T14:45:51Z" hostname="226d6849429d" tests="17" skipped="0" failures="0" errors="0" time="0.399">
    <testcase time="0.016" classname="abnormal_by_baseline" name="s_count_abnormal_by_baseline_works_with_healthy_input_and_default_arguments"/>
    <testcase time="0.02" classname="abnormal_by_baseline" name="s_count_abnormal_by_baseline_works_with_healthy_input_and_default_arguments"/>
    <testcase time="0.00199999999999978" classname="abnormal_by_baseline" name="s_count_abnormal_by_baseline_works_with_healthy_input_and_default_arguments"/>
    <testcase time="0.0190000000000001" classname="abnormal_by_baseline" name="s_count_abnormal_by_baseline_works_with_healthy_input_and_default_arguments"/>
    <testcase time="0.00700000000000012" classname="abnormal_by_baseline" name="s_count_abnormal_by_baseline_also_works_with_tibble_and_custom_arguments"/>
    <testcase time="0.0190000000000001" classname="abnormal_by_baseline" name="s_count_abnormal_by_baseline_also_works_with_tibble_and_custom_arguments"/>
    <testcase time="0.00199999999999978" classname="abnormal_by_baseline" name="s_count_abnormal_by_baseline_also_works_with_tibble_and_custom_arguments"/>
    <testcase time="0.0190000000000001" classname="abnormal_by_baseline" name="s_count_abnormal_by_baseline_also_works_with_tibble_and_custom_arguments"/>
    <testcase time="0.0150000000000001" classname="abnormal_by_baseline" name="count_abnormal_by_baseline_throws_warning_with_character_var"/>
    <testcase time="0.00099999999999989" classname="abnormal_by_baseline" name="count_abnormal_by_baseline_throws_warning_with_character_var"/>
    <testcase time="0.02" classname="abnormal_by_baseline" name="count_abnormal_by_baseline_throws_warning_with_character_var"/>
    <testcase time="0.0699999999999998" classname="abnormal_by_baseline" name="count_abnormal_by_baseline_works_with_default_arguments"/>
    <testcase time="0.0630000000000002" classname="abnormal_by_baseline" name="count_abnormal_by_baseline_works_with_default_arguments"/>
    <testcase time="0.0589999999999997" classname="abnormal_by_baseline" name="count_abnormal_by_baseline_works_with_custom_arguments"/>
    <testcase time="0.0530000000000004" classname="abnormal_by_baseline" name="count_abnormal_by_baseline_works_with_custom_arguments"/>
    <testcase time="0.0089999999999999" classname="abnormal_by_baseline" name="s_count_abnormal_by_baseline_gives_error_for_NA_input"/>
    <testcase time="0.00499999999999989" classname="abnormal_by_baseline" name="s_count_abnormal_by_baseline_gives_error_for_NA_input"/>
  </testsuite>
  <testsuite name="abnormal_by_marked" timestamp="2024-10-17T14:45:52Z" hostname="226d6849429d" tests="7" skipped="0" failures="0" errors="0" time="2.491">
    <testcase time="0.742" classname="abnormal_by_marked" name="s_count_abnormal_by_marked_works_as_expected"/>
    <testcase time="0.02" classname="abnormal_by_marked" name="s_count_abnormal_by_marked_works_as_expected"/>
    <testcase time="0.474" classname="abnormal_by_marked" name="s_count_abnormal_by_marked_works_as_expected"/>
    <testcase time="0.0199999999999996" classname="abnormal_by_marked" name="s_count_abnormal_by_marked_works_as_expected"/>
    <testcase time="0.467000000000001" classname="abnormal_by_marked" name="s_count_abnormal_by_marked_returns_an_error_when_abn_dir_contains_two_direction_values"/>
    <testcase time="0.688" classname="abnormal_by_marked" name="count_abnormal_by_marked_works_as_expected"/>
    <testcase time="0.0800000000000001" classname="abnormal_by_marked" name="count_abnormal_by_marked_works_as_expected"/>
  </testsuite>
  <testsuite name="abnormal_by_worst_grade" timestamp="2024-10-17T14:45:54Z" hostname="226d6849429d" tests="5" skipped="0" failures="0" errors="0" time="0.269">
    <testcase time="0.0250000000000004" classname="abnormal_by_worst_grade" name="s_count_abnormal_by_worst_grade_works_as_expected"/>
    <testcase time="0.0199999999999996" classname="abnormal_by_worst_grade" name="s_count_abnormal_by_worst_grade_works_as_expected"/>
    <testcase time="0.105" classname="abnormal_by_worst_grade" name="count_abnormal_by_worst_grade_works_as_expected"/>
    <testcase time="0.0679999999999996" classname="abnormal_by_worst_grade" name="count_abnormal_by_worst_grade_works_as_expected"/>
    <testcase time="0.0510000000000002" classname="abnormal_by_worst_grade" name="count_abnormal_by_worst_grade_returns_an_error_when_variables_param_and_variables_grade_dir_are_taking_variable_names_not_used_for_splitting_the_layout_in_rows."/>
  </testsuite>
  <testsuite name="abnormal_by_worst_grade_worsen" timestamp="2024-10-17T14:45:54Z" hostname="226d6849429d" tests="20" skipped="0" failures="0" errors="0" time="0.698">
    <testcase time="0.0919999999999996" classname="abnormal_by_worst_grade_worsen" name="h_adlb_worsen_stacks_data_correctly_simple_case_"/>
    <testcase time="0.0230000000000006" classname="abnormal_by_worst_grade_worsen" name="h_adlb_worsen_stacks_data_correctly_simple_case_"/>
    <testcase time="0.0169999999999995" classname="abnormal_by_worst_grade_worsen" name="h_adlb_worsen_stacks_data_correctly"/>
    <testcase time="0.0209999999999999" classname="abnormal_by_worst_grade_worsen" name="h_adlb_worsen_stacks_data_correctly"/>
    <testcase time="0.00600000000000023" classname="abnormal_by_worst_grade_worsen" name="h_worsen_counter_counts_data_low_correctly"/>
    <testcase time="0.0199999999999996" classname="abnormal_by_worst_grade_worsen" name="h_worsen_counter_counts_data_low_correctly"/>
    <testcase time="0.00600000000000023" classname="abnormal_by_worst_grade_worsen" name="h_worsen_counter_counts_data_high_correctly"/>
    <testcase time="0.0199999999999996" classname="abnormal_by_worst_grade_worsen" name="h_worsen_counter_counts_data_high_correctly"/>
    <testcase time="0.00499999999999989" classname="abnormal_by_worst_grade_worsen" name="h_worsen_counter_counts_data_low_no_high_correctly"/>
    <testcase time="0.0200000000000005" classname="abnormal_by_worst_grade_worsen" name="h_worsen_counter_counts_data_low_no_high_correctly"/>
    <testcase time="0.00499999999999989" classname="abnormal_by_worst_grade_worsen" name="h_worsen_counter_counts_data_low_no_low_correctly"/>
    <testcase time="0.024" classname="abnormal_by_worst_grade_worsen" name="h_worsen_counter_counts_data_low_no_low_correctly"/>
    <testcase time="0.00699999999999967" classname="abnormal_by_worst_grade_worsen" name="s_count_abnormal_lab_worsen_by_baseline"/>
    <testcase time="0.0190000000000001" classname="abnormal_by_worst_grade_worsen" name="s_count_abnormal_lab_worsen_by_baseline"/>
    <testcase time="0.238" classname="abnormal_by_worst_grade_worsen" name="count_abnormal_lab_worsen_by_baseline"/>
    <testcase time="0.136" classname="abnormal_by_worst_grade_worsen" name="count_abnormal_lab_worsen_by_baseline"/>
    <testcase time="0.016" classname="abnormal_by_worst_grade_worsen" name="h_adlb_worsen_all_high"/>
    <testcase time="0.00300000000000011" classname="abnormal_by_worst_grade_worsen" name="h_adlb_worsen_all_high"/>
    <testcase time="0.0170000000000003" classname="abnormal_by_worst_grade_worsen" name="h_adlb_worsen_all_low"/>
    <testcase time="0.00300000000000011" classname="abnormal_by_worst_grade_worsen" name="h_adlb_worsen_all_low"/>
  </testsuite>
  <testsuite name="analyze_variables" timestamp="2024-10-17T14:45:55Z" hostname="226d6849429d" tests="108" skipped="0" failures="0" errors="0" time="3.29">
    <testcase time="0.016" classname="analyze_variables" name="s_summary_return_NA_for_x_length_0L"/>
    <testcase time="0.0199999999999996" classname="analyze_variables" name="s_summary_return_NA_for_x_length_0L"/>
    <testcase time="0.00600000000000023" classname="analyze_variables" name="s_summary_handles_NA"/>
    <testcase time="0.0199999999999996" classname="analyze_variables" name="s_summary_handles_NA"/>
    <testcase time="0.00200000000000067" classname="analyze_variables" name="s_summary_handles_NA"/>
    <testcase time="0.0199999999999996" classname="analyze_variables" name="s_summary_handles_NA"/>
    <testcase time="0.00600000000000023" classname="analyze_variables" name="s_summary_returns_right_results_for_n_2"/>
    <testcase time="0.0469999999999997" classname="analyze_variables" name="s_summary_returns_right_results_for_n_2"/>
    <testcase time="0.00600000000000023" classname="analyze_variables" name="s_summary_returns_right_results_for_n_8"/>
    <testcase time="0.0209999999999999" classname="analyze_variables" name="s_summary_returns_right_results_for_n_8"/>
    <testcase time="0.00499999999999989" classname="analyze_variables" name="s_summary_works_with_factors"/>
    <testcase time="0.0190000000000001" classname="analyze_variables" name="s_summary_works_with_factors"/>
    <testcase time="0.00800000000000001" classname="analyze_variables" name="s_summary_fails_with_factors_that_have_no_levels_or_have_empty_string_levels"/>
    <testcase time="0.00499999999999989" classname="analyze_variables" name="s_summary_fails_with_factors_that_have_no_levels_or_have_empty_string_levels"/>
    <testcase time="0.00499999999999989" classname="analyze_variables" name="s_summary_works_when_factors_have_NA_levels"/>
    <testcase time="0.0200000000000005" classname="analyze_variables" name="s_summary_works_when_factors_have_NA_levels"/>
    <testcase time="0.00499999999999989" classname="analyze_variables" name="s_summary_works_with_factors_with_NA_values_handled_and_correctly_removes_them_by_default"/>
    <testcase time="0.0199999999999996" classname="analyze_variables" name="s_summary_works_with_factors_with_NA_values_handled_and_correctly_removes_them_by_default"/>
    <testcase time="0.00499999999999989" classname="analyze_variables" name="s_summary_works_with_length_0_factors_that_have_levels"/>
    <testcase time="0.0209999999999999" classname="analyze_variables" name="s_summary_works_with_length_0_factors_that_have_levels"/>
    <testcase time="0.00500000000000078" classname="analyze_variables" name="s_summary_works_with_factors_and_different_denominator_choices"/>
    <testcase time="0.0199999999999996" classname="analyze_variables" name="s_summary_works_with_factors_and_different_denominator_choices"/>
    <testcase time="0.00199999999999978" classname="analyze_variables" name="s_summary_works_with_factors_and_different_denominator_choices"/>
    <testcase time="0.0200000000000005" classname="analyze_variables" name="s_summary_works_with_factors_and_different_denominator_choices"/>
    <testcase time="0.00899999999999945" classname="analyze_variables" name="s_summary_works_with_characters_by_converting_to_character"/>
    <testcase time="0.00300000000000011" classname="analyze_variables" name="s_summary_works_with_characters_by_converting_to_character"/>
    <testcase time="0.0129999999999999" classname="analyze_variables" name="s_summary_works_with_characters_by_converting_to_character_and_handling_empty_strings"/>
    <testcase time="0.00300000000000011" classname="analyze_variables" name="s_summary_works_with_characters_by_converting_to_character_and_handling_empty_strings"/>
    <testcase time="0.0220000000000002" classname="analyze_variables" name="s_summary_works_with_characters_by_converting_to_character_and_handling_empty_strings"/>
    <testcase time="0.00900000000000034" classname="analyze_variables" name="s_summary_does_not_work_for_length_0_character_vectors"/>
    <testcase time="0.00399999999999956" classname="analyze_variables" name="s_summary_works_with_logical_vectors"/>
    <testcase time="0.0209999999999999" classname="analyze_variables" name="s_summary_works_with_logical_vectors"/>
    <testcase time="0.00499999999999989" classname="analyze_variables" name="s_summary_works_with_length_0_logical_vectors"/>
    <testcase time="0.0200000000000005" classname="analyze_variables" name="s_summary_works_with_length_0_logical_vectors"/>
    <testcase time="0.00399999999999956" classname="analyze_variables" name="s_summary_works_with_logical_vectors_and_by_default_removes_NA"/>
    <testcase time="0.024" classname="analyze_variables" name="s_summary_works_with_logical_vectors_and_by_default_removes_NA"/>
    <testcase time="0.00499999999999989" classname="analyze_variables" name="s_summary_works_with_logical_vectors_and_by_if_requested_does_not_remove_NA_from_n"/>
    <testcase time="0.0200000000000005" classname="analyze_variables" name="s_summary_works_with_logical_vectors_and_by_if_requested_does_not_remove_NA_from_n"/>
    <testcase time="0.00900000000000034" classname="analyze_variables" name="a_summary_work_with_healthy_input."/>
    <testcase time="0.00399999999999956" classname="analyze_variables" name="a_summary_work_with_healthy_input."/>
    <testcase time="0.00300000000000011" classname="analyze_variables" name="a_summary_work_with_healthy_input."/>
    <testcase time="0.0229999999999997" classname="analyze_variables" name="a_summary_work_with_healthy_input."/>
    <testcase time="0.00400000000000045" classname="analyze_variables" name="a_summary_work_with_healthy_input."/>
    <testcase time="0.00399999999999956" classname="analyze_variables" name="a_summary_work_with_healthy_input."/>
    <testcase time="0.00300000000000011" classname="analyze_variables" name="a_summary_work_with_healthy_input."/>
    <testcase time="0.0220000000000002" classname="analyze_variables" name="a_summary_work_with_healthy_input."/>
    <testcase time="0.00499999999999989" classname="analyze_variables" name="a_summary_work_with_healthy_input."/>
    <testcase time="0.00800000000000001" classname="analyze_variables" name="a_summary_work_with_healthy_input."/>
    <testcase time="0.00399999999999956" classname="analyze_variables" name="a_summary_work_with_healthy_input."/>
    <testcase time="0.0270000000000001" classname="analyze_variables" name="a_summary_work_with_healthy_input."/>
    <testcase time="0.00300000000000011" classname="analyze_variables" name="a_summary_work_with_healthy_input."/>
    <testcase time="0.00300000000000011" classname="analyze_variables" name="a_summary_work_with_healthy_input."/>
    <testcase time="0.00199999999999978" classname="analyze_variables" name="a_summary_work_with_healthy_input."/>
    <testcase time="0.0220000000000002" classname="analyze_variables" name="a_summary_work_with_healthy_input."/>
    <testcase time="0.00699999999999967" classname="analyze_variables" name="a_summary_works_with_custom_input."/>
    <testcase time="0.0209999999999999" classname="analyze_variables" name="a_summary_works_with_custom_input."/>
    <testcase time="0.00500000000000078" classname="analyze_variables" name="a_summary_works_with_custom_input."/>
    <testcase time="0.0219999999999994" classname="analyze_variables" name="a_summary_works_with_custom_input."/>
    <testcase time="0.00800000000000001" classname="analyze_variables" name="a_summary_works_with_healthy_input_when_compare_TRUE."/>
    <testcase time="0.024" classname="analyze_variables" name="a_summary_works_with_healthy_input_when_compare_TRUE."/>
    <testcase time="0.00499999999999989" classname="analyze_variables" name="a_summary_works_with_healthy_input_when_compare_TRUE."/>
    <testcase time="0.0220000000000002" classname="analyze_variables" name="a_summary_works_with_healthy_input_when_compare_TRUE."/>
    <testcase time="0.00499999999999989" classname="analyze_variables" name="a_summary_works_with_healthy_input_when_compare_TRUE."/>
    <testcase time="0.0230000000000006" classname="analyze_variables" name="a_summary_works_with_healthy_input_when_compare_TRUE."/>
    <testcase time="0.00300000000000011" classname="analyze_variables" name="a_summary_works_with_healthy_input_when_compare_TRUE."/>
    <testcase time="0.0289999999999999" classname="analyze_variables" name="a_summary_works_with_healthy_input_when_compare_TRUE."/>
    <testcase time="0.00800000000000001" classname="analyze_variables" name="a_summary_works_with_custom_input_when_compare_TRUE."/>
    <testcase time="0.0209999999999999" classname="analyze_variables" name="a_summary_works_with_custom_input_when_compare_TRUE."/>
    <testcase time="0.00599999999999934" classname="analyze_variables" name="a_summary_works_with_custom_input_when_compare_TRUE."/>
    <testcase time="0.0230000000000006" classname="analyze_variables" name="a_summary_works_with_custom_input_when_compare_TRUE."/>
    <testcase time="0.032" classname="analyze_variables" name="_analyze_vars_works_with_healthy_input_default_na.rm_TRUE_."/>
    <testcase time="0.0459999999999994" classname="analyze_variables" name="_analyze_vars_works_with_healthy_input_default_na.rm_TRUE_."/>
    <testcase time="0.0340000000000007" classname="analyze_variables" name="_analyze_vars_works_with_healthy_input_and_control_function."/>
    <testcase time="0.056" classname="analyze_variables" name="_analyze_vars_works_with_healthy_input_and_control_function."/>
    <testcase time="0.032" classname="analyze_variables" name="_analyze_vars_works_with_healthy_input_alternative_na.rm_FALSE_"/>
    <testcase time="0.0449999999999999" classname="analyze_variables" name="_analyze_vars_works_with_healthy_input_alternative_na.rm_FALSE_"/>
    <testcase time="0.0299999999999994" classname="analyze_variables" name="_analyze_vars_works_with_healthy_factor_input"/>
    <testcase time="0.0430000000000001" classname="analyze_variables" name="_analyze_vars_works_with_healthy_factor_input"/>
    <testcase time="0.0390000000000006" classname="analyze_variables" name="_analyze_vars_works_with_healthy_factor_input_alternative_na.rm_FALSE_"/>
    <testcase time="0.0449999999999999" classname="analyze_variables" name="_analyze_vars_works_with_healthy_factor_input_alternative_na.rm_FALSE_"/>
    <testcase time="0.0299999999999994" classname="analyze_variables" name="_analyze_vars_works_with_healthy_factor_input_alternative_na.rm_FALSE_"/>
    <testcase time="0.0440000000000005" classname="analyze_variables" name="_analyze_vars_works_with_healthy_factor_input_alternative_na.rm_FALSE_"/>
    <testcase time="0.361" classname="analyze_variables" name="_analyze_vars_works_with_factors_and_different_denominators"/>
    <testcase time="0.00300000000000011" classname="analyze_variables" name="_analyze_vars_works_with_factors_and_different_denominators"/>
    <testcase time="0.00199999999999978" classname="analyze_variables" name="_analyze_vars_works_with_factors_and_different_denominators"/>
    <testcase time="0.120000000000001" classname="analyze_variables" name="_analyze_vars_works_with_factors_and_different_denominators"/>
    <testcase time="0.335999999999999" classname="analyze_variables" name="analyze_vars_works_in_demographic_table_example"/>
    <testcase time="0.346" classname="analyze_variables" name="analyze_vars_works_in_demographic_table_example"/>
    <testcase time="0.0410000000000004" classname="analyze_variables" name="_analyze_vars_works_with_character_input_and_gives_the_same_result_as_with_factor"/>
    <testcase time="0.0229999999999997" classname="analyze_variables" name="_analyze_vars_works_with_character_input_and_gives_the_same_result_as_with_factor"/>
    <testcase time="0.0419999999999998" classname="analyze_variables" name="_analyze_vars_does_not_work_with_sparse_character_input_due_to_missing_statistics"/>
    <testcase time="0.027000000000001" classname="analyze_variables" name="_analyze_vars_does_not_work_with_sparse_character_input_due_to_missing_statistics"/>
    <testcase time="0.032" classname="analyze_variables" name="_analyze_vars_works_with_logical_input"/>
    <testcase time="0.0399999999999991" classname="analyze_variables" name="_analyze_vars_works_with_logical_input"/>
    <testcase time="0.0310000000000006" classname="analyze_variables" name="_analyze_vars_works_with_healthy_logical_input_alternative_na.rm_FALSE_"/>
    <testcase time="0.0449999999999999" classname="analyze_variables" name="_analyze_vars_works_with_healthy_logical_input_alternative_na.rm_FALSE_"/>
    <testcase time="0.0280000000000005" classname="analyze_variables" name="_analyze_vars_works_with_healthy_logical_input_alternative_na.rm_FALSE_"/>
    <testcase time="0.0510000000000002" classname="analyze_variables" name="_analyze_vars_works_with_healthy_logical_input_alternative_na.rm_FALSE_"/>
    <testcase time="0.0459999999999994" classname="analyze_variables" name="_analyze_vars_works_with_empty_named_numeric_variables"/>
    <testcase time="0.0570000000000004" classname="analyze_variables" name="_analyze_vars_works_with_empty_named_numeric_variables"/>
    <testcase time="0.106" classname="analyze_variables" name="analyze_vars_na_str_argument_works_as_expected"/>
    <testcase time="0.0899999999999999" classname="analyze_variables" name="analyze_vars_na_str_argument_works_as_expected"/>
    <testcase time="0.00500000000000078" classname="analyze_variables" name="control_analyze_vars_works_with_customized_parameters"/>
    <testcase time="0.0199999999999996" classname="analyze_variables" name="control_analyze_vars_works_with_customized_parameters"/>
    <testcase time="0.00799999999999912" classname="analyze_variables" name="control_analyze_vars_fails_wrong_inputs"/>
    <testcase time="0.00500000000000078" classname="analyze_variables" name="control_analyze_vars_fails_wrong_inputs"/>
    <testcase time="0.0380000000000003" classname="analyze_variables" name="analyze_vars_works_correctly_with_auto_formats"/>
    <testcase time="0.0469999999999988" classname="analyze_variables" name="analyze_vars_works_correctly_with_auto_formats"/>
  </testsuite>
  <testsuite name="analyze_vars_in_cols" timestamp="2024-10-17T14:45:58Z" hostname="226d6849429d" tests="32" skipped="0" failures="0" errors="0" time="5.431">
    <testcase time="0.188000000000001" classname="analyze_vars_in_cols" name="analyze_vars_in_cols_works_correctly"/>
    <testcase time="0.0790000000000006" classname="analyze_vars_in_cols" name="analyze_vars_in_cols_works_correctly"/>
    <testcase time="0.0220000000000002" classname="analyze_vars_in_cols" name="analyze_vars_in_cols_works_correctly"/>
    <testcase time="0.0269999999999992" classname="analyze_vars_in_cols" name="analyze_vars_in_cols_works_correctly"/>
    <testcase time="0.0139999999999993" classname="analyze_vars_in_cols" name="analyze_vars_in_cols_throws_error_when_vars_and_.stats_lengths_differ_in_len"/>
    <testcase time="0.100000000000001" classname="analyze_vars_in_cols" name="custom_labels_can_be_set_with_row_labels_for_analyze_colvars"/>
    <testcase time="0.0809999999999995" classname="analyze_vars_in_cols" name="custom_labels_can_be_set_with_row_labels_for_analyze_colvars"/>
    <testcase time="0.097999999999999" classname="analyze_vars_in_cols" name="custom_labels_can_be_set_with_row_labels_for_analyze_colvars"/>
    <testcase time="0.0800000000000001" classname="analyze_vars_in_cols" name="custom_labels_can_be_set_with_row_labels_for_analyze_colvars"/>
    <testcase time="0.0810000000000013" classname="analyze_vars_in_cols" name="custom_labels_can_be_set_with_row_labels_for_analyze_colvars"/>
    <testcase time="0.052999999999999" classname="analyze_vars_in_cols" name="custom_labels_can_be_set_with_row_labels_for_analyze_colvars"/>
    <testcase time="0.258000000000001" classname="analyze_vars_in_cols" name="custom_labels_can_be_set_with_row_labels_and_summarize"/>
    <testcase time="0.0670000000000002" classname="analyze_vars_in_cols" name="custom_labels_can_be_set_with_row_labels_and_summarize"/>
    <testcase time="0.0999999999999996" classname="analyze_vars_in_cols" name="custom_labels_can_be_set_with_row_labels_and_summarize"/>
    <testcase time="0.0659999999999989" classname="analyze_vars_in_cols" name="custom_labels_can_be_set_with_row_labels_and_summarize"/>
    <testcase time="0.0810000000000013" classname="analyze_vars_in_cols" name="custom_labels_can_be_set_with_row_labels_and_summarize"/>
    <testcase time="0.0519999999999996" classname="analyze_vars_in_cols" name="custom_labels_can_be_set_with_row_labels_and_summarize"/>
    <testcase time="0.312999999999999" classname="analyze_vars_in_cols" name="summarize_works_with_nested_analyze"/>
    <testcase time="0.126000000000001" classname="analyze_vars_in_cols" name="summarize_works_with_nested_analyze"/>
    <testcase time="1.167" classname="analyze_vars_in_cols" name="summarize_works_with_nested_analyze"/>
    <testcase time="0.270999999999999" classname="analyze_vars_in_cols" name="summarize_works_with_nested_analyze"/>
    <testcase time="0.0490000000000013" classname="analyze_vars_in_cols" name="analyze_vars_in_cols_works_well_with_categorical_data"/>
    <testcase time="0.261999999999999" classname="analyze_vars_in_cols" name="analyze_vars_in_cols_works_well_with_categorical_data"/>
    <testcase time="0.178000000000001" classname="analyze_vars_in_cols" name="analyze_vars_in_cols_works_well_with_categorical_data"/>
    <testcase time="0.301" classname="analyze_vars_in_cols" name="analyze_vars_in_cols_works_with_imputation_rule"/>
    <testcase time="0.115" classname="analyze_vars_in_cols" name="analyze_vars_in_cols_works_with_imputation_rule"/>
    <testcase time="0.292" classname="analyze_vars_in_cols" name="analyze_vars_in_cols_works_with_imputation_rule"/>
    <testcase time="0.109999999999999" classname="analyze_vars_in_cols" name="analyze_vars_in_cols_works_with_imputation_rule"/>
    <testcase time="0.312000000000001" classname="analyze_vars_in_cols" name="analyze_vars_in_cols_works_with_imputation_rule"/>
    <testcase time="0.116999999999999" classname="analyze_vars_in_cols" name="analyze_vars_in_cols_works_with_imputation_rule"/>
    <testcase time="0.254" classname="analyze_vars_in_cols" name="analyze_vars_in_cols_works_with_caching"/>
    <testcase time="0.117000000000001" classname="analyze_vars_in_cols" name="analyze_vars_in_cols_works_with_caching"/>
  </testsuite>
  <testsuite name="bland-altman" timestamp="2024-10-17T14:46:04Z" hostname="226d6849429d" tests="8" skipped="1" failures="0" errors="0" time="0.102">
    <testcase time="0.0120000000000005" classname="bland_altman" name="unequal_length_vector_gives_correct_error"/>
    <testcase time="0.00699999999999967" classname="bland_altman" name="infeasible_input_gives_correct_error"/>
    <testcase time="0.00499999999999901" classname="bland_altman" name="infeasible_input_gives_correct_error"/>
    <testcase time="0.0129999999999999" classname="bland_altman" name="s_bland_altman_works_with_two_vectors"/>
    <testcase time="0.0120000000000005" classname="bland_altman" name="s_bland_altman_works_with_two_vectors_with_NA_element_in_either_vectors"/>
    <testcase time="0.00500000000000078" classname="bland_altman" name="s_bland_altman_works_with_default_settings"/>
    <testcase time="0.0199999999999996" classname="bland_altman" name="s_bland_altman_works_with_default_settings"/>
    <testcase time="0.0280000000000005" classname="bland_altman" name="g_bland_altman_works_with_default_settings">
      <skipped message="Reason: On CI ('test-bland-altman.R:103:3')"/>
    </testcase>
  </testsuite>
  <testsuite name="combination_function" timestamp="2024-10-17T14:46:04Z" hostname="226d6849429d" tests="16" skipped="0" failures="0" errors="0" time="0.073">
    <testcase time="0.016" classname="combination_function" name="CombinationFunction_class_can_be_used_with_standard_constructor"/>
    <testcase time="0.00199999999999889" classname="combination_function" name="CombinationFunction_class_can_be_used_with_standard_constructor"/>
    <testcase time="0.00300000000000011" classname="combination_function" name="CombinationFunction_class_can_be_used_with_standard_constructor"/>
    <testcase time="0.00600000000000023" classname="combination_function" name="CombinationFunction_custom_constructor_works"/>
    <testcase time="0.00399999999999956" classname="combination_function" name="CombinationFunction_method_works"/>
    <testcase time="0.00300000000000011" classname="combination_function" name="CombinationFunction_method_works"/>
    <testcase time="0.00200000000000067" classname="combination_function" name="CombinationFunction_method_works"/>
    <testcase time="0.00499999999999901" classname="combination_function" name="CombinationFunction_method_works"/>
    <testcase time="0.00200000000000067" classname="combination_function" name="CombinationFunction_method_works"/>
    <testcase time="0.00300000000000011" classname="combination_function" name="CombinationFunction_method_works"/>
    <testcase time="0.00999999999999979" classname="combination_function" name="CombinationFunction_method_works"/>
    <testcase time="0.00300000000000011" classname="combination_function" name="CombinationFunction_method_works"/>
    <testcase time="0.00300000000000011" classname="combination_function" name="CombinationFunction_method_works"/>
    <testcase time="0.00500000000000078" classname="combination_function" name="CombinationFunction_chain_of_logical_combinations_works"/>
    <testcase time="0.00300000000000011" classname="combination_function" name="CombinationFunction_chain_of_logical_combinations_works"/>
    <testcase time="0.00299999999999834" classname="combination_function" name="CombinationFunction_chain_of_logical_combinations_works"/>
  </testsuite>
  <testsuite name="compare_variables" timestamp="2024-10-17T14:46:04Z" hostname="226d6849429d" tests="31" skipped="0" failures="0" errors="0" time="0.634">
    <testcase time="0.00900000000000034" classname="compare_variables" name="s_compare_works_for_numeric"/>
    <testcase time="0.00200000000000067" classname="compare_variables" name="s_compare_works_for_numeric"/>
    <testcase time="0.0220000000000002" classname="compare_variables" name="s_compare_works_for_numeric"/>
    <testcase time="0.00499999999999901" classname="compare_variables" name="s_compare_for_numeric_does_not_give_p_value_when_not_at_least_2_values_in_each_group"/>
    <testcase time="0.00200000000000067" classname="compare_variables" name="s_compare_for_numeric_does_not_give_p_value_when_not_at_least_2_values_in_each_group"/>
    <testcase time="0.0190000000000001" classname="compare_variables" name="s_compare_for_numeric_does_not_give_p_value_when_not_at_least_2_values_in_each_group"/>
    <testcase time="0.00499999999999901" classname="compare_variables" name="s_compare_for_factor_works_in_usual_case"/>
    <testcase time="0.00200000000000067" classname="compare_variables" name="s_compare_for_factor_works_in_usual_case"/>
    <testcase time="0.0180000000000007" classname="compare_variables" name="s_compare_for_factor_works_in_usual_case"/>
    <testcase time="0.00199999999999889" classname="compare_variables" name="s_compare_for_factor_works_in_usual_case"/>
    <testcase time="0.0190000000000001" classname="compare_variables" name="s_compare_for_factor_works_in_usual_case"/>
    <testcase time="0.00600000000000023" classname="compare_variables" name="s_compare_for_factor_handles_explicit_NAs_as_expected"/>
    <testcase time="0.000999999999999446" classname="compare_variables" name="s_compare_for_factor_handles_explicit_NAs_as_expected"/>
    <testcase time="0.0190000000000001" classname="compare_variables" name="s_compare_for_factor_handles_explicit_NAs_as_expected"/>
    <testcase time="0.00300000000000011" classname="compare_variables" name="s_compare_for_factor_handles_explicit_NAs_as_expected"/>
    <testcase time="0.00100000000000122" classname="compare_variables" name="s_compare_for_factor_handles_explicit_NAs_as_expected"/>
    <testcase time="0.0190000000000001" classname="compare_variables" name="s_compare_for_factor_handles_explicit_NAs_as_expected"/>
    <testcase time="0.00899999999999856" classname="compare_variables" name="s_compare_for_character_works_as_expected"/>
    <testcase time="0.00100000000000122" classname="compare_variables" name="s_compare_for_character_works_as_expected"/>
    <testcase time="0.0239999999999991" classname="compare_variables" name="s_compare_for_character_works_as_expected"/>
    <testcase time="0.00600000000000023" classname="compare_variables" name="s_compare_for_logical_works_as_expected"/>
    <testcase time="0.00200000000000067" classname="compare_variables" name="s_compare_for_logical_works_as_expected"/>
    <testcase time="0.0190000000000001" classname="compare_variables" name="s_compare_for_logical_works_as_expected"/>
    <testcase time="0.00499999999999901" classname="compare_variables" name="s_compare_for_logical_handles_NAs_as_FALSE_if_not_removed"/>
    <testcase time="0.00300000000000011" classname="compare_variables" name="s_compare_for_logical_handles_NAs_as_FALSE_if_not_removed"/>
    <testcase time="0.0830000000000002" classname="compare_variables" name="compare_vars_works_with_default_settings_in_rtables_layout_pipeline"/>
    <testcase time="0.0749999999999993" classname="compare_variables" name="compare_vars_works_with_default_settings_in_rtables_layout_pipeline"/>
    <testcase time="0.0700000000000003" classname="compare_variables" name="compare_vars_works_with_custom_settings"/>
    <testcase time="0.0630000000000006" classname="compare_variables" name="compare_vars_works_with_custom_settings"/>
    <testcase time="0.0609999999999999" classname="compare_variables" name="compare_vars_na_str_argument_works_as_expected"/>
    <testcase time="0.0589999999999993" classname="compare_variables" name="compare_vars_na_str_argument_works_as_expected"/>
  </testsuite>
  <testsuite name="control_logistic" timestamp="2024-10-17T14:46:04Z" hostname="226d6849429d" tests="4" skipped="0" failures="0" errors="0" time="0.038">
    <testcase time="0.00699999999999967" classname="control_logistic" name="control_logistic_works_with_customized_parameters"/>
    <testcase time="0.0190000000000001" classname="control_logistic" name="control_logistic_works_with_customized_parameters"/>
    <testcase time="0.00699999999999967" classname="control_logistic" name="control_logistic_fails_wrong_inputs"/>
    <testcase time="0.00499999999999901" classname="control_logistic" name="control_logistic_fails_wrong_inputs"/>
  </testsuite>
  <testsuite name="control_step" timestamp="2024-10-17T14:46:05Z" hostname="226d6849429d" tests="5" skipped="0" failures="0" errors="0" time="0.042">
    <testcase time="0.00700000000000145" classname="control_step" name="control_step_works_with_customized_parameters"/>
    <testcase time="0.0190000000000001" classname="control_step" name="control_step_works_with_customized_parameters"/>
    <testcase time="0.00699999999999967" classname="control_step" name="control_step_fails_wrong_inputs"/>
    <testcase time="0.00499999999999901" classname="control_step" name="control_step_fails_wrong_inputs"/>
    <testcase time="0.00400000000000134" classname="control_step" name="control_step_fails_wrong_inputs"/>
  </testsuite>
  <testsuite name="control_survival" timestamp="2024-10-17T14:46:05Z" hostname="226d6849429d" tests="14" skipped="0" failures="0" errors="0" time="0.122">
    <testcase time="0.00799999999999912" classname="control_survival" name="control_coxph_works_with_customized_parameters"/>
    <testcase time="0.0250000000000004" classname="control_survival" name="control_coxph_works_with_customized_parameters"/>
    <testcase time="0.00699999999999967" classname="control_survival" name="control_coxph_fails_wrong_inputs"/>
    <testcase time="0.00500000000000078" classname="control_survival" name="control_coxph_fails_wrong_inputs"/>
    <testcase time="0.00399999999999956" classname="control_survival" name="control_surv_time_works_with_customized_parameters"/>
    <testcase time="0.0190000000000001" classname="control_survival" name="control_surv_time_works_with_customized_parameters"/>
    <testcase time="0.00799999999999912" classname="control_survival" name="control_surv_time_fails_wrong_inputs"/>
    <testcase time="0.00400000000000134" classname="control_survival" name="control_surv_time_fails_wrong_inputs"/>
    <testcase time="0.00399999999999956" classname="control_survival" name="control_surv_time_fails_wrong_inputs"/>
    <testcase time="0.00399999999999956" classname="control_survival" name="control_surv_timepoint_works_with_customized_parameters"/>
    <testcase time="0.0190000000000001" classname="control_survival" name="control_surv_timepoint_works_with_customized_parameters"/>
    <testcase time="0.00699999999999967" classname="control_survival" name="control_surv_timepoint_fails_wrong_inputs"/>
    <testcase time="0.00400000000000134" classname="control_survival" name="control_surv_timepoint_fails_wrong_inputs"/>
    <testcase time="0.00399999999999956" classname="control_survival" name="control_surv_timepoint_fails_wrong_inputs"/>
  </testsuite>
  <testsuite name="count_cumulative" timestamp="2024-10-17T14:46:05Z" hostname="226d6849429d" tests="14" skipped="0" failures="0" errors="0" time="0.413">
    <testcase time="0.0080000000000009" classname="count_cumulative" name="h_count_cumulative_works_with_healthy_input_and_default_arguments"/>
    <testcase time="0.0190000000000019" classname="count_cumulative" name="h_count_cumulative_works_with_healthy_input_and_default_arguments"/>
    <testcase time="0.00399999999999778" classname="count_cumulative" name="h_count_cumulative_works_with_customized_arguments"/>
    <testcase time="0.0200000000000031" classname="count_cumulative" name="h_count_cumulative_works_with_customized_arguments"/>
    <testcase time="0.00499999999999901" classname="count_cumulative" name="s_count_cumulative_works_with_healthy_input_and_default_arguments"/>
    <testcase time="0.0210000000000008" classname="count_cumulative" name="s_count_cumulative_works_with_healthy_input_and_default_arguments"/>
    <testcase time="0.00799999999999912" classname="count_cumulative" name="s_count_cumulative_works_with_customized_arguments"/>
    <testcase time="0.0279999999999987" classname="count_cumulative" name="s_count_cumulative_works_with_customized_arguments"/>
    <testcase time="0.0350000000000001" classname="count_cumulative" name="count_cumulative_works_with_default_arguments"/>
    <testcase time="0.0459999999999994" classname="count_cumulative" name="count_cumulative_works_with_default_arguments"/>
    <testcase time="0.0350000000000001" classname="count_cumulative" name="count_cumulative_works_with_customized_arguments"/>
    <testcase time="0.0470000000000006" classname="count_cumulative" name="count_cumulative_works_with_customized_arguments"/>
    <testcase time="0.0749999999999993" classname="count_cumulative" name="count_cumulative_works_with_denom_argument_specified"/>
    <testcase time="0.0620000000000012" classname="count_cumulative" name="count_cumulative_works_with_denom_argument_specified"/>
  </testsuite>
  <testsuite name="count_missed_doses" timestamp="2024-10-17T14:46:05Z" hostname="226d6849429d" tests="12" skipped="0" failures="0" errors="0" time="0.331">
    <testcase time="0.00900000000000034" classname="count_missed_doses" name="s_count_nonmissing_works_with_numeric_input"/>
    <testcase time="0.0189999999999984" classname="count_missed_doses" name="s_count_nonmissing_works_with_numeric_input"/>
    <testcase time="0.00400000000000134" classname="count_missed_doses" name="s_count_nonmissing_also_works_with_character_input"/>
    <testcase time="0.0190000000000019" classname="count_missed_doses" name="s_count_nonmissing_also_works_with_character_input"/>
    <testcase time="0.00499999999999901" classname="count_missed_doses" name="d_count_missed_doses_works_as_expected"/>
    <testcase time="0.0249999999999986" classname="count_missed_doses" name="d_count_missed_doses_works_as_expected"/>
    <testcase time="0.00499999999999901" classname="count_missed_doses" name="s_count_missed_doses_works_as_expected"/>
    <testcase time="0.0190000000000019" classname="count_missed_doses" name="s_count_missed_doses_works_as_expected"/>
    <testcase time="0.0410000000000004" classname="count_missed_doses" name="count_missed_doses_works_as_expected"/>
    <testcase time="0.0500000000000007" classname="count_missed_doses" name="count_missed_doses_works_as_expected"/>
    <testcase time="0.0700000000000003" classname="count_missed_doses" name="count_missed_doses_works_with_denom_argument_specified"/>
    <testcase time="0.0649999999999977" classname="count_missed_doses" name="count_missed_doses_works_with_denom_argument_specified"/>
  </testsuite>
  <testsuite name="count_occurrences" timestamp="2024-10-17T14:46:05Z" hostname="226d6849429d" tests="33" skipped="0" failures="0" errors="0" time="2.266">
    <testcase time="0.0100000000000016" classname="count_occurrences" name="s_count_occurrences_functions_as_expected_with_valid_input_and_default_arguments"/>
    <testcase time="0.0199999999999996" classname="count_occurrences" name="s_count_occurrences_functions_as_expected_with_valid_input_and_default_arguments"/>
    <testcase time="0.00600000000000023" classname="count_occurrences" name="s_count_occurrences_drops_non_appearing_levels_by_default"/>
    <testcase time="0.00600000000000023" classname="count_occurrences" name="s_count_occurrences_keeps_non_appearing_levels_if_requested"/>
    <testcase time="0.00199999999999889" classname="count_occurrences" name="s_count_occurrences_keeps_non_appearing_levels_if_requested"/>
    <testcase time="0.00300000000000011" classname="count_occurrences" name="s_count_occurrences_keeps_non_appearing_levels_if_requested"/>
    <testcase time="0.00799999999999912" classname="count_occurrences" name="s_count_occurrences_fails_when_it_receives_empty_.df_row_and_drop_TRUE"/>
    <testcase time="0.00700000000000145" classname="count_occurrences" name="s_count_occurrences_functions_as_expected_when_requesting_different_denominator"/>
    <testcase time="0.0199999999999996" classname="count_occurrences" name="s_count_occurrences_functions_as_expected_when_requesting_different_denominator"/>
    <testcase time="0.00799999999999912" classname="count_occurrences" name="a_count_occurrences_works_with_healthy_input."/>
    <testcase time="0.00300000000000011" classname="count_occurrences" name="a_count_occurrences_works_with_healthy_input."/>
    <testcase time="0.00700000000000145" classname="count_occurrences" name="a_count_occurrences_works_with_custom_input."/>
    <testcase time="0.027000000000001" classname="count_occurrences" name="a_count_occurrences_works_with_custom_input."/>
    <testcase time="0.0429999999999993" classname="count_occurrences" name="count_occurrences_functions_as_expected_with_valid_input_and_default_arguments"/>
    <testcase time="0.0519999999999996" classname="count_occurrences" name="count_occurrences_functions_as_expected_with_valid_input_and_default_arguments"/>
    <testcase time="0.0279999999999987" classname="count_occurrences" name="count_occurrences_functions_as_expected_with_label_row_specified"/>
    <testcase time="0.0470000000000006" classname="count_occurrences" name="count_occurrences_functions_as_expected_with_label_row_specified"/>
    <testcase time="0.0839999999999996" classname="count_occurrences" name="count_occurrences_works_as_expected_with_risk_difference_column"/>
    <testcase time="0.0949999999999989" classname="count_occurrences" name="count_occurrences_works_as_expected_with_risk_difference_column"/>
    <testcase time="0.126000000000001" classname="count_occurrences" name="count_occurrences_works_as_expected_with_risk_difference_column"/>
    <testcase time="0.163" classname="count_occurrences" name="count_occurrences_works_as_expected_with_risk_difference_column"/>
    <testcase time="0.144000000000002" classname="count_occurrences" name="count_occurrences_works_as_expected_with_risk_difference_column"/>
    <testcase time="0.141999999999999" classname="count_occurrences" name="count_occurrences_works_as_expected_with_risk_difference_column"/>
    <testcase time="0.0700000000000003" classname="count_occurrences" name="summarize_occurrences_functions_as_expected_with_valid_input_and_default_arguments"/>
    <testcase time="0.0679999999999978" classname="count_occurrences" name="summarize_occurrences_functions_as_expected_with_valid_input_and_default_arguments"/>
    <testcase time="0.114000000000001" classname="count_occurrences" name="summarize_occurrences_works_as_expected_with_risk_difference_column"/>
    <testcase time="0.0829999999999984" classname="count_occurrences" name="summarize_occurrences_works_as_expected_with_risk_difference_column"/>
    <testcase time="0.137" classname="count_occurrences" name="summarize_occurrences_works_as_expected_with_risk_difference_column"/>
    <testcase time="0.126000000000001" classname="count_occurrences" name="summarize_occurrences_works_as_expected_with_risk_difference_column"/>
    <testcase time="0.245000000000001" classname="count_occurrences" name="summarize_occurrences_works_as_expected_with_risk_difference_column"/>
    <testcase time="0.157" classname="count_occurrences" name="summarize_occurrences_works_as_expected_with_risk_difference_column"/>
    <testcase time="0.125" classname="count_occurrences" name="summarize_occurrences_works_as_expected_with_risk_difference_column"/>
    <testcase time="0.0899999999999999" classname="count_occurrences" name="summarize_occurrences_works_as_expected_with_risk_difference_column"/>
  </testsuite>
  <testsuite name="count_occurrences_by_grade" timestamp="2024-10-17T14:46:08Z" hostname="226d6849429d" tests="44" skipped="0" failures="0" errors="0" time="2.243">
    <testcase time="0.0109999999999992" classname="count_occurrences_by_grade" name="h_append_grade_groups_works_with_valid_input"/>
    <testcase time="0.0199999999999996" classname="count_occurrences_by_grade" name="h_append_grade_groups_works_with_valid_input"/>
    <testcase time="0.00400000000000134" classname="count_occurrences_by_grade" name="h_append_grade_groups_works_with_valid_input_with_revers_order_and_one_element_grade_groups"/>
    <testcase time="0.0199999999999996" classname="count_occurrences_by_grade" name="h_append_grade_groups_works_with_valid_input_with_revers_order_and_one_element_grade_groups"/>
    <testcase time="0.0069999999999979" classname="count_occurrences_by_grade" name="s_count_occurrences_by_grade_works_with_valid_input_and_default_arguments_for_grade"/>
    <testcase time="0.0240000000000009" classname="count_occurrences_by_grade" name="s_count_occurrences_by_grade_works_with_valid_input_and_default_arguments_for_grade"/>
    <testcase time="0.00400000000000134" classname="count_occurrences_by_grade" name="s_count_occurrences_by_grade_works_with_valid_input_and_default_arguments_for_grade"/>
    <testcase time="0.0210000000000008" classname="count_occurrences_by_grade" name="s_count_occurrences_by_grade_works_with_valid_input_and_default_arguments_for_grade"/>
    <testcase time="0.0069999999999979" classname="count_occurrences_by_grade" name="s_count_occurrences_by_grade_sorts_grade_levels_so_that_missing_level_appears_last"/>
    <testcase time="0.0180000000000007" classname="count_occurrences_by_grade" name="s_count_occurrences_by_grade_sorts_grade_levels_so_that_missing_level_appears_last"/>
    <testcase time="0.00700000000000145" classname="count_occurrences_by_grade" name="s_count_occurrences_by_grade_works_with_valid_input_for_grade_grouping"/>
    <testcase time="0.0189999999999984" classname="count_occurrences_by_grade" name="s_count_occurrences_by_grade_works_with_valid_input_for_grade_grouping"/>
    <testcase time="0.00199999999999889" classname="count_occurrences_by_grade" name="s_count_occurrences_by_grade_works_with_valid_input_for_grade_grouping"/>
    <testcase time="0.0190000000000019" classname="count_occurrences_by_grade" name="s_count_occurrences_by_grade_works_with_valid_input_for_grade_grouping"/>
    <testcase time="0.00300000000000011" classname="count_occurrences_by_grade" name="s_count_occurrences_by_grade_works_with_valid_input_for_grade_grouping"/>
    <testcase time="0.0199999999999996" classname="count_occurrences_by_grade" name="s_count_occurrences_by_grade_works_with_valid_input_for_grade_grouping"/>
    <testcase time="0.00600000000000023" classname="count_occurrences_by_grade" name="s_count_occurrences_by_grade_works_with_valid_input_for_intensity_and_custom_arguments"/>
    <testcase time="0.0189999999999984" classname="count_occurrences_by_grade" name="s_count_occurrences_by_grade_works_with_valid_input_for_intensity_and_custom_arguments"/>
    <testcase time="0.0770000000000017" classname="count_occurrences_by_grade" name="count_occurrences_by_grade_works_with_default_arguments_for_intensity"/>
    <testcase time="0.0500000000000007" classname="count_occurrences_by_grade" name="count_occurrences_by_grade_works_with_default_arguments_for_intensity"/>
    <testcase time="0.0489999999999995" classname="count_occurrences_by_grade" name="count_occurrences_by_grade_works_with_default_arguments_for_intensity"/>
    <testcase time="0.0629999999999988" classname="count_occurrences_by_grade" name="count_occurrences_by_grade_works_with_default_arguments_for_intensity"/>
    <testcase time="0.0689999999999991" classname="count_occurrences_by_grade" name="count_occurrences_by_grade_label_works_when_more_than_one_variables_are_analyzed"/>
    <testcase time="0.0690000000000026" classname="count_occurrences_by_grade" name="count_occurrences_by_grade_label_works_when_more_than_one_variables_are_analyzed"/>
    <testcase time="0.0619999999999976" classname="count_occurrences_by_grade" name="count_occurrences_by_grade_works_with_custom_arguments_for_grade"/>
    <testcase time="0.0609999999999999" classname="count_occurrences_by_grade" name="count_occurrences_by_grade_works_with_custom_arguments_for_grade"/>
    <testcase time="0.0410000000000004" classname="count_occurrences_by_grade" name="count_occurrences_by_grade_works_with_custom_arguments_for_grade"/>
    <testcase time="0.0579999999999998" classname="count_occurrences_by_grade" name="count_occurrences_by_grade_works_with_custom_arguments_for_grade"/>
    <testcase time="0.054000000000002" classname="count_occurrences_by_grade" name="summarize_occurrences_by_grade_works_with_default_arguments_for_intensity"/>
    <testcase time="0.0549999999999997" classname="count_occurrences_by_grade" name="summarize_occurrences_by_grade_works_with_default_arguments_for_intensity"/>
    <testcase time="0.0889999999999986" classname="count_occurrences_by_grade" name="summarize_occurrences_by_grade_works_with_default_arguments_for_intensity"/>
    <testcase time="0.0700000000000003" classname="count_occurrences_by_grade" name="summarize_occurrences_by_grade_works_with_default_arguments_for_intensity"/>
    <testcase time="0.0809999999999995" classname="count_occurrences_by_grade" name="summarize_occurrences_by_grade_works_with_custom_arguments_for_grade"/>
    <testcase time="0.0850000000000009" classname="count_occurrences_by_grade" name="summarize_occurrences_by_grade_works_with_custom_arguments_for_grade"/>
    <testcase time="0.0670000000000002" classname="count_occurrences_by_grade" name="count_occurrences_by_grade_works_with_trim_levels_in_group_split_function"/>
    <testcase time="0.0640000000000001" classname="count_occurrences_by_grade" name="count_occurrences_by_grade_works_with_trim_levels_in_group_split_function"/>
    <testcase time="0.315999999999999" classname="count_occurrences_by_grade" name="summarize__and_count_occurrences_by_grade_works_with_pagination_and_sorting"/>
    <testcase time="0.032" classname="count_occurrences_by_grade" name="summarize__and_count_occurrences_by_grade_works_with_pagination_and_sorting"/>
    <testcase time="0.0800000000000018" classname="count_occurrences_by_grade" name="count_occurrences_by_grade_works_as_expected_with_risk_difference_column"/>
    <testcase time="0.0729999999999968" classname="count_occurrences_by_grade" name="count_occurrences_by_grade_works_as_expected_with_risk_difference_column"/>
    <testcase time="0.0750000000000028" classname="count_occurrences_by_grade" name="count_occurrences_by_grade_works_as_expected_with_risk_difference_column"/>
    <testcase time="0.0749999999999993" classname="count_occurrences_by_grade" name="count_occurrences_by_grade_works_as_expected_with_risk_difference_column"/>
    <testcase time="0.122" classname="count_occurrences_by_grade" name="count_occurrences_by_grade_works_with_denom_argument_specified"/>
    <testcase time="0.0749999999999993" classname="count_occurrences_by_grade" name="count_occurrences_by_grade_works_with_denom_argument_specified"/>
  </testsuite>
  <testsuite name="count_patients_events_in_cols" timestamp="2024-10-17T14:46:10Z" hostname="226d6849429d" tests="8" skipped="0" failures="0" errors="0" time="0.238">
    <testcase time="0.0100000000000016" classname="count_patients_events_in_cols" name="s_count_patients_and_multiple_events_works_as_expected"/>
    <testcase time="0.0199999999999996" classname="count_patients_events_in_cols" name="s_count_patients_and_multiple_events_works_as_expected"/>
    <testcase time="0.00499999999999901" classname="count_patients_events_in_cols" name="s_count_patients_and_multiple_events_can_have_empty_stats_if_requested"/>
    <testcase time="0.0190000000000019" classname="count_patients_events_in_cols" name="s_count_patients_and_multiple_events_can_have_empty_stats_if_requested"/>
    <testcase time="0.046999999999997" classname="count_patients_events_in_cols" name="summarize_patients_events_in_cols_works_well_with_default_arguments"/>
    <testcase time="0.0660000000000025" classname="count_patients_events_in_cols" name="summarize_patients_events_in_cols_works_well_with_default_arguments"/>
    <testcase time="0.0289999999999999" classname="count_patients_events_in_cols" name="summarize_patients_events_in_cols_works_well_with_custom_arguments"/>
    <testcase time="0.041999999999998" classname="count_patients_events_in_cols" name="summarize_patients_events_in_cols_works_well_with_custom_arguments"/>
  </testsuite>
  <testsuite name="count_patients_with_event" timestamp="2024-10-17T14:46:10Z" hostname="226d6849429d" tests="14" skipped="0" failures="0" errors="0" time="0.561">
    <testcase time="0.00900000000000034" classname="count_patients_with_event" name="s_count_patients_with_event_handles_NA"/>
    <testcase time="0.0190000000000019" classname="count_patients_with_event" name="s_count_patients_with_event_handles_NA"/>
    <testcase time="0.00499999999999901" classname="count_patients_with_event" name="s_count_patients_with_event_handles_multiple_columns"/>
    <testcase time="0.0189999999999984" classname="count_patients_with_event" name="s_count_patients_with_event_handles_multiple_columns"/>
    <testcase time="0.0650000000000013" classname="count_patients_with_event" name="count_patients_with_event_works_as_expected"/>
    <testcase time="0.0470000000000006" classname="count_patients_with_event" name="count_patients_with_event_works_as_expected"/>
    <testcase time="0.0500000000000007" classname="count_patients_with_event" name="count_patients_with_event_works_as_expected_for_different_column_count"/>
    <testcase time="0.0679999999999978" classname="count_patients_with_event" name="count_patients_with_event_works_as_expected_for_different_column_count"/>
    <testcase time="0.00700000000000145" classname="count_patients_with_event" name="s_count_patients_with_event_works_with_factor_filters"/>
    <testcase time="0.0219999999999985" classname="count_patients_with_event" name="s_count_patients_with_event_works_with_factor_filters"/>
    <testcase time="0.0630000000000024" classname="count_patients_with_event" name="count_patients_with_flags_works_as_expected_with_risk_difference_column"/>
    <testcase time="0.0569999999999986" classname="count_patients_with_event" name="count_patients_with_flags_works_as_expected_with_risk_difference_column"/>
    <testcase time="0.0710000000000015" classname="count_patients_with_event" name="count_patients_with_flags_works_as_expected_with_risk_difference_column"/>
    <testcase time="0.0589999999999975" classname="count_patients_with_event" name="count_patients_with_flags_works_as_expected_with_risk_difference_column"/>
  </testsuite>
  <testsuite name="count_patients_with_flags" timestamp="2024-10-17T14:46:11Z" hostname="226d6849429d" tests="30" skipped="0" failures="0" errors="0" time="1.332">
    <testcase time="0.0109999999999992" classname="count_patients_with_flags" name="s_count_patients_with_flags_handles_NA"/>
    <testcase time="0.0200000000000031" classname="count_patients_with_flags" name="s_count_patients_with_flags_handles_NA"/>
    <testcase time="0.00499999999999901" classname="count_patients_with_flags" name="s_count_patients_with_flags_handles_multiple_columns"/>
    <testcase time="0.0199999999999996" classname="count_patients_with_flags" name="s_count_patients_with_flags_handles_multiple_columns"/>
    <testcase time="0.00799999999999912" classname="count_patients_with_flags" name="s_count_patients_with_flags_custom_variable_label_behaviour_works"/>
    <testcase time="0.0199999999999996" classname="count_patients_with_flags" name="s_count_patients_with_flags_custom_variable_label_behaviour_works"/>
    <testcase time="0.00400000000000134" classname="count_patients_with_flags" name="s_count_patients_with_flags_custom_variable_label_behaviour_works"/>
    <testcase time="0.027000000000001" classname="count_patients_with_flags" name="s_count_patients_with_flags_custom_variable_label_behaviour_works"/>
    <testcase time="0.00300000000000011" classname="count_patients_with_flags" name="s_count_patients_with_flags_custom_variable_label_behaviour_works"/>
    <testcase time="0.0199999999999996" classname="count_patients_with_flags" name="s_count_patients_with_flags_custom_variable_label_behaviour_works"/>
    <testcase time="0.00400000000000134" classname="count_patients_with_flags" name="s_count_patients_with_flags_custom_variable_label_behaviour_works"/>
    <testcase time="0.0190000000000019" classname="count_patients_with_flags" name="s_count_patients_with_flags_custom_variable_label_behaviour_works"/>
    <testcase time="0.0579999999999998" classname="count_patients_with_flags" name="count_patients_with_flags_works_as_expected"/>
    <testcase time="0.046999999999997" classname="count_patients_with_flags" name="count_patients_with_flags_works_as_expected"/>
    <testcase time="0.0680000000000014" classname="count_patients_with_flags" name="count_patients_with_flags_works_as_expected_when_specifying_table_names"/>
    <testcase time="0.0539999999999985" classname="count_patients_with_flags" name="count_patients_with_flags_works_as_expected_when_specifying_table_names"/>
    <testcase time="0.093" classname="count_patients_with_flags" name="count_patients_with_flags_works_with_label_row_specified"/>
    <testcase time="0.0690000000000026" classname="count_patients_with_flags" name="count_patients_with_flags_works_with_label_row_specified"/>
    <testcase time="0.0589999999999975" classname="count_patients_with_flags" name="count_patients_with_flags_custom_variable_label_behaviour_works_with_var_labels_specified"/>
    <testcase time="0.0720000000000027" classname="count_patients_with_flags" name="count_patients_with_flags_custom_variable_label_behaviour_works_with_var_labels_specified"/>
    <testcase time="0.0539999999999985" classname="count_patients_with_flags" name="count_patients_with_flags_custom_variable_label_behaviour_works_with_var_labels_specified"/>
    <testcase time="0.0620000000000012" classname="count_patients_with_flags" name="count_patients_with_flags_custom_variable_label_behaviour_works_with_var_labels_specified"/>
    <testcase time="0.0679999999999978" classname="count_patients_with_flags" name="count_patients_with_flags_custom_variable_label_behaviour_works_with_var_labels_specified"/>
    <testcase time="0.0620000000000012" classname="count_patients_with_flags" name="count_patients_with_flags_custom_variable_label_behaviour_works_with_var_labels_specified"/>
    <testcase time="0.0539999999999985" classname="count_patients_with_flags" name="count_patients_with_flags_custom_variable_label_behaviour_works_with_var_labels_specified"/>
    <testcase time="0.0720000000000027" classname="count_patients_with_flags" name="count_patients_with_flags_custom_variable_label_behaviour_works_with_var_labels_specified"/>
    <testcase time="0.0719999999999992" classname="count_patients_with_flags" name="count_patients_with_flags_works_as_expected_with_risk_difference_column"/>
    <testcase time="0.0599999999999987" classname="count_patients_with_flags" name="count_patients_with_flags_works_as_expected_with_risk_difference_column"/>
    <testcase time="0.0800000000000018" classname="count_patients_with_flags" name="count_patients_with_flags_works_as_expected_with_risk_difference_column"/>
    <testcase time="0.0670000000000002" classname="count_patients_with_flags" name="count_patients_with_flags_works_as_expected_with_risk_difference_column"/>
  </testsuite>
  <testsuite name="count_values" timestamp="2024-10-17T14:46:12Z" hostname="226d6849429d" tests="24" skipped="0" failures="0" errors="0" time="0.449">
    <testcase time="0.00900000000000034" classname="count_values" name="s_count_values_works_for_character_input_without_NAs"/>
    <testcase time="0.0199999999999996" classname="count_values" name="s_count_values_works_for_character_input_without_NAs"/>
    <testcase time="0.000999999999997669" classname="count_values" name="s_count_values_works_for_character_input_without_NAs"/>
    <testcase time="0.0259999999999998" classname="count_values" name="s_count_values_works_for_character_input_without_NAs"/>
    <testcase time="0.00600000000000023" classname="count_values" name="s_count_values_works_for_character_input_with_NAs"/>
    <testcase time="0.022000000000002" classname="count_values" name="s_count_values_works_for_character_input_with_NAs"/>
    <testcase time="0.00199999999999889" classname="count_values" name="s_count_values_works_for_character_input_with_NAs"/>
    <testcase time="0.0190000000000019" classname="count_values" name="s_count_values_works_for_character_input_with_NAs"/>
    <testcase time="0.00499999999999901" classname="count_values" name="s_count_values_can_pass_options_to_s_summary_s_logical_method"/>
    <testcase time="0.0189999999999984" classname="count_values" name="s_count_values_can_pass_options_to_s_summary_s_logical_method"/>
    <testcase time="0.00400000000000134" classname="count_values" name="s_count_values_for_factor_gives_same_result_as_for_character"/>
    <testcase time="0.0199999999999996" classname="count_values" name="s_count_values_for_factor_gives_same_result_as_for_character"/>
    <testcase time="0.00499999999999901" classname="count_values" name="s_count_values_for_factor_gives_the_same_result_as_for_character_for_values_not_in_factor_level"/>
    <testcase time="0.0190000000000019" classname="count_values" name="s_count_values_for_factor_gives_the_same_result_as_for_character_for_values_not_in_factor_level"/>
    <testcase time="0.0259999999999998" classname="count_values" name="count_values_works_as_expected_with_a_single_value"/>
    <testcase time="0.0360000000000014" classname="count_values" name="count_values_works_as_expected_with_a_single_value"/>
    <testcase time="0.0459999999999994" classname="count_values" name="count_values_works_as_expected_with_multiple_values_and_variables"/>
    <testcase time="0.0440000000000005" classname="count_values" name="count_values_works_as_expected_with_multiple_values_and_variables"/>
    <testcase time="0.00399999999999778" classname="count_values" name="s_count_values_for_logical_vector"/>
    <testcase time="0.0199999999999996" classname="count_values" name="s_count_values_for_logical_vector"/>
    <testcase time="0.00500000000000256" classname="count_values" name="s_count_values_for_logical_vector_with_NA"/>
    <testcase time="0.0189999999999984" classname="count_values" name="s_count_values_for_logical_vector_with_NA"/>
    <testcase time="0.0259999999999998" classname="count_values" name="count_values_works_as_expected_with_multiple_values_and_variables"/>
    <testcase time="0.0459999999999994" classname="count_values" name="count_values_works_as_expected_with_multiple_values_and_variables"/>
  </testsuite>
  <testsuite name="coxph" timestamp="2024-10-17T14:46:13Z" hostname="226d6849429d" tests="23" skipped="0" failures="0" errors="0" time="0.306">
    <testcase time="0.00900000000000034" classname="coxph" name="univariate_works_correctly"/>
    <testcase time="0.00100000000000122" classname="coxph" name="univariate_works_correctly"/>
    <testcase time="0.0199999999999996" classname="coxph" name="univariate_works_correctly"/>
    <testcase time="0.00700000000000145" classname="coxph" name="univariate_works_correctly"/>
    <testcase time="0.000999999999997669" classname="coxph" name="univariate_works_correctly"/>
    <testcase time="0.0199999999999996" classname="coxph" name="univariate_works_correctly"/>
    <testcase time="0.00500000000000256" classname="coxph" name="rht_works_correctly"/>
    <testcase time="0.000999999999997669" classname="coxph" name="rht_works_correctly"/>
    <testcase time="0.0199999999999996" classname="coxph" name="rht_works_correctly"/>
    <testcase time="0.017000000000003" classname="coxph" name="estimate_coef_works_correctly"/>
    <testcase time="0.0189999999999984" classname="coxph" name="estimate_coef_works_correctly"/>
    <testcase time="0.00100000000000122" classname="coxph" name="estimate_coef_works_correctly"/>
    <testcase time="0.0189999999999984" classname="coxph" name="estimate_coef_works_correctly"/>
    <testcase time="0.027000000000001" classname="coxph" name="try_car_anova_works_correctly"/>
    <testcase time="0.0259999999999998" classname="coxph" name="try_car_anova_works_correctly"/>
    <testcase time="0.00199999999999889" classname="coxph" name="try_car_anova_works_correctly"/>
    <testcase time="0.0229999999999997" classname="coxph" name="try_car_anova_works_correctly"/>
    <testcase time="0.00700000000000145" classname="coxph" name="check_formula_returns_correct_error"/>
    <testcase time="0.00799999999999912" classname="coxph" name="check_covariate_formulas_works_correctly"/>
    <testcase time="0.00499999999999901" classname="coxph" name="name_covariate_names_works_correctly"/>
    <testcase time="0.00800000000000267" classname="coxph" name="check_increments_gives_correct_warning"/>
    <testcase time="0.0299999999999976" classname="coxph" name="s_cox_multivariate_works_correctly_with_character_input"/>
    <testcase time="0.0300000000000011" classname="coxph" name="s_cox_multivariate_works_correctly_with_character_input"/>
  </testsuite>
  <testsuite name="coxreg" timestamp="2024-10-17T14:46:13Z" hostname="226d6849429d" tests="74" skipped="0" failures="0" errors="0" time="1.113">
    <testcase time="0.0210000000000008" classname="coxreg" name="h_coxreg_univar_formulas_creates_formulas_with_covariate"/>
    <testcase time="0.0279999999999987" classname="coxreg" name="h_coxreg_univar_formulas_creates_formulas_with_covariate"/>
    <testcase time="0.00600000000000023" classname="coxreg" name="h_coxreg_univar_formulas_creates_formulas_with_strata"/>
    <testcase time="0.022000000000002" classname="coxreg" name="h_coxreg_univar_formulas_creates_formulas_with_strata"/>
    <testcase time="0.00499999999999901" classname="coxreg" name="h_coxreg_univar_formulas_creates_formula_for_reference_when_treatment_is_only_considered"/>
    <testcase time="0.0180000000000007" classname="coxreg" name="h_coxreg_univar_formulas_creates_formula_for_reference_when_treatment_is_only_considered"/>
    <testcase time="0.00499999999999901" classname="coxreg" name="h_coxreg_univar_formulas_creates_formulas_with_interactions"/>
    <testcase time="0.0289999999999999" classname="coxreg" name="h_coxreg_univar_formulas_creates_formulas_with_interactions"/>
    <testcase time="0.00499999999999901" classname="coxreg" name="h_coxreg_univar_formulas_creates_formula_without_treatment_arm"/>
    <testcase time="0.0190000000000019" classname="coxreg" name="h_coxreg_univar_formulas_creates_formula_without_treatment_arm"/>
    <testcase time="0.00799999999999912" classname="coxreg" name="h_coxreg_univar_formulas_fails_when_requesting_interaction_without_treatment_arm"/>
    <testcase time="0.00700000000000145" classname="coxreg" name="h_coxreg_univar_formulas_fails_when_requesting_interaction_without_covariates"/>
    <testcase time="0.00499999999999901" classname="coxreg" name="h_coxreg_univar_formulas_creates_formulas_with_multiple_strata"/>
    <testcase time="0.0189999999999984" classname="coxreg" name="h_coxreg_univar_formulas_creates_formulas_with_multiple_strata"/>
    <testcase time="0.0199999999999996" classname="coxreg" name="h_coxreg_multivar_extract_extracts_correct_coxph_results_when_covariate_names_overlap"/>
    <testcase time="0.0199999999999996" classname="coxreg" name="h_coxreg_multivar_extract_extracts_correct_coxph_results_when_covariate_names_overlap"/>
    <testcase time="0.0140000000000029" classname="coxreg" name="h_coxreg_multivar_extract_extracts_correct_coxph_results_when_covariate_is_a_factor"/>
    <testcase time="0.0199999999999996" classname="coxreg" name="h_coxreg_multivar_extract_extracts_correct_coxph_results_when_covariate_is_a_factor"/>
    <testcase time="0.00499999999999901" classname="coxreg" name="h_coxreg_multivar_formula_creates_formula_without_covariate"/>
    <testcase time="0.0190000000000019" classname="coxreg" name="h_coxreg_multivar_formula_creates_formula_without_covariate"/>
    <testcase time="0.00499999999999901" classname="coxreg" name="h_coxreg_multivar_formula_creates_formulas_with_a_strata"/>
    <testcase time="0.0279999999999987" classname="coxreg" name="h_coxreg_multivar_formula_creates_formulas_with_a_strata"/>
    <testcase time="0.00499999999999901" classname="coxreg" name="h_coxreg_multivar_formula_creates_formulas_with_multiple_strata"/>
    <testcase time="0.0200000000000031" classname="coxreg" name="h_coxreg_multivar_formula_creates_formulas_with_multiple_strata"/>
    <testcase time="0.00399999999999778" classname="coxreg" name="h_coxreg_multivar_formula_creates_formula_with_covariate"/>
    <testcase time="0.0199999999999996" classname="coxreg" name="h_coxreg_multivar_formula_creates_formula_with_covariate"/>
    <testcase time="0.00400000000000134" classname="coxreg" name="h_coxreg_multivar_formula_creates_formula_without_treatment_arm"/>
    <testcase time="0.0189999999999984" classname="coxreg" name="h_coxreg_multivar_formula_creates_formula_without_treatment_arm"/>
    <testcase time="0.00400000000000134" classname="coxreg" name="h_coxreg_multivar_formula_creates_formulas_with_multiple_strata_and_without_arm"/>
    <testcase time="0.0199999999999996" classname="coxreg" name="h_coxreg_multivar_formula_creates_formulas_with_multiple_strata_and_without_arm"/>
    <testcase time="0.00399999999999778" classname="coxreg" name="control_coxreg_returns_a_standard_list_of_parameters"/>
    <testcase time="0.0190000000000019" classname="coxreg" name="control_coxreg_returns_a_standard_list_of_parameters"/>
    <testcase time="0.0159999999999982" classname="coxreg" name="fit_coxreg_univar_returns_model_results_as_expected"/>
    <testcase time="0.0330000000000013" classname="coxreg" name="fit_coxreg_univar_returns_model_results_as_expected"/>
    <testcase time="0.0180000000000007" classname="coxreg" name="fit_coxreg_univar_runs_with_non_represented_level_of_a_factor"/>
    <testcase time="0.0120000000000005" classname="coxreg" name="fit_coxreg_univar_is_stopped_when_there_are_not_2_arms"/>
    <testcase time="0.00799999999999912" classname="coxreg" name="fit_coxreg_univar_is_stopped_when_likelihood_method_is_used_together_with_strata"/>
    <testcase time="0.0100000000000016" classname="coxreg" name="fit_coxreg_univar_works_without_treatment_arm"/>
    <testcase time="0.000999999999997669" classname="coxreg" name="fit_coxreg_univar_works_without_treatment_arm"/>
    <testcase time="0.0199999999999996" classname="coxreg" name="fit_coxreg_univar_works_without_treatment_arm"/>
    <testcase time="0.00700000000000145" classname="coxreg" name="tidy.summary.coxph_method_tidies_up_the_Cox_regression_model"/>
    <testcase time="0.0199999999999996" classname="coxreg" name="tidy.summary.coxph_method_tidies_up_the_Cox_regression_model"/>
    <testcase time="0.0109999999999992" classname="coxreg" name="h_coxreg_univar_extract_extracts_coxph_results"/>
    <testcase time="0.0199999999999996" classname="coxreg" name="h_coxreg_univar_extract_extracts_coxph_results"/>
    <testcase time="0.0229999999999997" classname="coxreg" name="muffled_car_anova_muffles_notes_about_dropped_strata_term"/>
    <testcase time="0.0120000000000005" classname="coxreg" name="muffled_car_anova_muffles_notes_about_dropped_strata_term"/>
    <testcase time="0.0210000000000008" classname="coxreg" name="muffled_car_anova_gives_a_hint_in_the_error_message_when_an_error_occurs"/>
    <testcase time="0.0489999999999995" classname="coxreg" name="tidy.coxreg.univar_method_tidies_up_the_univariate_Cox_regression_model"/>
    <testcase time="0.0360000000000014" classname="coxreg" name="tidy.coxreg.univar_method_tidies_up_the_univariate_Cox_regression_model"/>
    <testcase time="0.0279999999999987" classname="coxreg" name="tidy.coxreg.univar_method_works_with_only_numeric_covariates_with_strata"/>
    <testcase time="0.0210000000000008" classname="coxreg" name="tidy.coxreg.univar_method_works_with_only_numeric_covariates_with_strata"/>
    <testcase time="0.0300000000000011" classname="coxreg" name="tidy.coxreg.univar_method_works_without_treatment_arm"/>
    <testcase time="0.000999999999997669" classname="coxreg" name="tidy.coxreg.univar_method_works_without_treatment_arm"/>
    <testcase time="0.0210000000000008" classname="coxreg" name="tidy.coxreg.univar_method_works_without_treatment_arm"/>
    <testcase time="0.0190000000000019" classname="coxreg" name="h_coxreg_extract_interaction_works_with_factor_as_covariate"/>
    <testcase time="0.00399999999999778" classname="coxreg" name="h_coxreg_extract_interaction_works_with_factor_as_covariate"/>
    <testcase time="0.0150000000000006" classname="coxreg" name="h_coxreg_inter_effect_works_with_numerics_as_covariate"/>
    <testcase time="0.00300000000000011" classname="coxreg" name="h_coxreg_inter_effect_works_with_numerics_as_covariate"/>
    <testcase time="0.00600000000000023" classname="coxreg" name="h_coxreg_inter_effect_works_with_numerics_as_covariate"/>
    <testcase time="0.0150000000000006" classname="coxreg" name="h_coxreg_inter_effect.numerics_works_with_____in_effect_levels"/>
    <testcase time="0.0120000000000005" classname="coxreg" name="h_coxreg_inter_effect.numerics_works_with_____in_effect_levels"/>
    <testcase time="0.0109999999999992" classname="coxreg" name="h_coxreg_inter_effect.numerics_works_with_____in_effect_levels"/>
    <testcase time="0.0219999999999985" classname="coxreg" name="h_coxreg_inter_effect_works_with_character_covariate"/>
    <testcase time="0.00400000000000134" classname="coxreg" name="h_coxreg_inter_effect_works_with_character_covariate"/>
    <testcase time="0.00799999999999912" classname="coxreg" name="h_coxreg_inter_effect_works_with_character_covariate"/>
    <testcase time="0.0120000000000005" classname="coxreg" name="h_coxreg_inter_estimations_results_identical_to_soon_deprecated_estimate_coef"/>
    <testcase time="0.0139999999999993" classname="coxreg" name="fit_coxreg_multivar_returns_model_results_as_expected"/>
    <testcase time="0.0199999999999996" classname="coxreg" name="fit_coxreg_multivar_returns_model_results_as_expected"/>
    <testcase time="0.00900000000000034" classname="coxreg" name="fit_coxreg_multivar_is_stopped_when_likelihood_method_is_used_together_with_strata"/>
    <testcase time="0.0109999999999992" classname="coxreg" name="fit_coxreg_multivar_works_correctly_also_without_treatment_arm"/>
    <testcase time="0.00199999999999889" classname="coxreg" name="fit_coxreg_multivar_works_correctly_also_without_treatment_arm"/>
    <testcase time="0.00300000000000011" classname="coxreg" name="fit_coxreg_multivar_works_correctly_also_without_treatment_arm"/>
    <testcase time="0.0360000000000014" classname="coxreg" name="tidy.coxreg.multivar_method_tidies_up_the_multivariate_Cox_regression_model"/>
    <testcase time="0.0219999999999985" classname="coxreg" name="tidy.coxreg.multivar_method_tidies_up_the_multivariate_Cox_regression_model"/>
  </testsuite>
  <testsuite name="decorate_grob" timestamp="2024-10-17T14:46:14Z" hostname="226d6849429d" tests="15" skipped="1" failures="0" errors="0" time="0.732">
    <testcase time="0.0190000000000019" classname="decorate_grob" name="decorate_grob_returns_no_warnings_when_creating_an_empty_plot"/>
    <testcase time="0.0189999999999984" classname="decorate_grob" name="decorate_grob_returns_no_warnings_when_creating_a_non_empty_plot"/>
    <testcase time="0.0330000000000013" classname="decorate_grob" name="split_string_works_with_default_settings"/>
    <testcase time="0.0210000000000008" classname="decorate_grob" name="decorate_grob_factory_returns_page_warning_correctly"/>
    <testcase time="0.492000000000001" classname="decorate_grob" name="decorate_grob_set_returns_no_warnings_when_creating_a_non_empty_plot"/>
    <testcase time="0.0539999999999985" classname="decorate_grob" name="decorate_grob_set_returns_no_warnings_when_creating_a_non_empty_plot"/>
    <testcase time="0.0479999999999983" classname="decorate_grob" name="text_wrapping_works_as_expected"/>
    <testcase time="0.00200000000000244" classname="decorate_grob" name="text_wrapping_works_as_expected">
[...]
    <testcase time="0.0209999999999866" classname="utils_default_stats_formats_labels" name="labels_use_control_works_as_expected"/>
    <testcase time="0.0150000000000006" classname="utils_default_stats_formats_labels" name="summary_formats_works_as_expected"/>
    <testcase time="0.00200000000000955" classname="utils_default_stats_formats_labels" name="summary_formats_works_as_expected"/>
    <testcase time="0.019999999999996" classname="utils_default_stats_formats_labels" name="summary_formats_works_as_expected"/>
    <testcase time="0.0120000000000005" classname="utils_default_stats_formats_labels" name="summary_formats_works_as_expected"/>
    <testcase time="0.00300000000000011" classname="utils_default_stats_formats_labels" name="summary_formats_works_as_expected"/>
    <testcase time="0.00300000000000011" classname="utils_default_stats_formats_labels" name="summary_formats_works_as_expected"/>
    <testcase time="0.0229999999999961" classname="utils_default_stats_formats_labels" name="summary_labels_works_as_expected"/>
    <testcase time="0.00300000000000011" classname="utils_default_stats_formats_labels" name="summary_labels_works_as_expected"/>
    <testcase time="0.0260000000000105" classname="utils_default_stats_formats_labels" name="summary_labels_works_as_expected"/>
    <testcase time="0.0120000000000005" classname="utils_default_stats_formats_labels" name="summary_labels_works_as_expected"/>
    <testcase time="0.00199999999999534" classname="utils_default_stats_formats_labels" name="summary_labels_works_as_expected"/>
    <testcase time="0.0210000000000008" classname="utils_default_stats_formats_labels" name="summary_labels_works_as_expected"/>
  </testsuite>
  <testsuite name="utils_factor" timestamp="2024-10-17T14:47:16Z" hostname="226d6849429d" tests="47" skipped="0" failures="0" errors="0" time="0.46">
    <testcase time="0.012999999999991" classname="utils_factor" name="combine_vectors_works_correctly"/>
    <testcase time="0.00800000000000978" classname="utils_factor" name="as_factor_keep_attributes_works_correctly_for_a_character_vector"/>
    <testcase time="0.00199999999999534" classname="utils_factor" name="as_factor_keep_attributes_works_correctly_for_a_character_vector"/>
    <testcase time="0.0210000000000008" classname="utils_factor" name="as_factor_keep_attributes_works_correctly_for_a_character_vector"/>
    <testcase time="0.00799999999999557" classname="utils_factor" name="as_factor_keep_attributes_converts_empty_strings_for_a_character_vector"/>
    <testcase time="0.00100000000000477" classname="utils_factor" name="as_factor_keep_attributes_converts_empty_strings_for_a_character_vector"/>
    <testcase time="0.0210000000000008" classname="utils_factor" name="as_factor_keep_attributes_converts_empty_strings_for_a_character_vector"/>
    <testcase time="0.00799999999999557" classname="utils_factor" name="as_factor_keep_attributes_shows_correct_name_of_vector_in_warning"/>
    <testcase time="0.00500000000000966" classname="utils_factor" name="as_factor_keep_attributes_does_not_modify_a_factor_at_all"/>
    <testcase time="0.000999999999990564" classname="utils_factor" name="as_factor_keep_attributes_does_not_modify_a_factor_at_all"/>
    <testcase time="0.019999999999996" classname="utils_factor" name="as_factor_keep_attributes_does_not_modify_a_factor_at_all"/>
    <testcase time="0.00500000000000966" classname="utils_factor" name="bins_percent_labels_works_as_expected"/>
    <testcase time="0.019999999999996" classname="utils_factor" name="bins_percent_labels_works_as_expected"/>
    <testcase time="0.00100000000000477" classname="utils_factor" name="bins_percent_labels_works_as_expected"/>
    <testcase time="0.019999999999996" classname="utils_factor" name="bins_percent_labels_works_as_expected"/>
    <testcase time="0.00100000000000477" classname="utils_factor" name="bins_percent_labels_works_as_expected"/>
    <testcase time="0.019999999999996" classname="utils_factor" name="bins_percent_labels_works_as_expected"/>
    <testcase time="0.00499999999999545" classname="utils_factor" name="cut_quantile_bins_works_as_expected_with_default_settings"/>
    <testcase time="0.00100000000000477" classname="utils_factor" name="cut_quantile_bins_works_as_expected_with_default_settings"/>
    <testcase time="0.019999999999996" classname="utils_factor" name="cut_quantile_bins_works_as_expected_with_default_settings"/>
    <testcase time="0.00300000000000011" classname="utils_factor" name="cut_quantile_bins_works_as_expected_with_default_settings"/>
    <testcase time="0.00200000000000955" classname="utils_factor" name="cut_quantile_bins_works_as_expected_with_default_settings"/>
    <testcase time="0.00300000000000011" classname="utils_factor" name="cut_quantile_bins_works_as_expected_with_default_settings"/>
    <testcase time="0.00499999999999545" classname="utils_factor" name="cut_quantile_bins_works_with_custom_quantiles"/>
    <testcase time="0.0189999999999912" classname="utils_factor" name="cut_quantile_bins_works_with_custom_quantiles"/>
    <testcase time="0.0130000000000052" classname="utils_factor" name="cut_quantile_bins_works_with_custom_labels"/>
    <testcase time="0.027000000000001" classname="utils_factor" name="cut_quantile_bins_works_with_custom_labels"/>
    <testcase time="0.007000000000005" classname="utils_factor" name="cut_quantile_bins_preserves_NAs_in_result"/>
    <testcase time="0.00499999999999545" classname="utils_factor" name="cut_quantile_bins_also_works_when_there_are_only_NAs"/>
    <testcase time="0.00100000000000477" classname="utils_factor" name="cut_quantile_bins_also_works_when_there_are_only_NAs"/>
    <testcase time="0.0210000000000008" classname="utils_factor" name="cut_quantile_bins_also_works_when_there_are_only_NAs"/>
    <testcase time="0.00199999999999534" classname="utils_factor" name="cut_quantile_bins_also_works_when_there_are_only_NAs"/>
    <testcase time="0.00799999999999557" classname="utils_factor" name="cut_quantile_bins_gives_error_message_if_there_are_duplicate_quantiles"/>
    <testcase time="0.00600000000000023" classname="utils_factor" name="cut_quantile_bins_does_work_also_if_an_empty_probs_vector_is_used"/>
    <testcase time="0.00200000000000955" classname="utils_factor" name="cut_quantile_bins_does_work_also_if_an_empty_probs_vector_is_used"/>
    <testcase time="0.00199999999999534" classname="utils_factor" name="cut_quantile_bins_does_work_also_if_an_empty_probs_vector_is_used"/>
    <testcase time="0.00499999999999545" classname="utils_factor" name="fct_discard_works_as_expected"/>
    <testcase time="0.0200000000000102" classname="utils_factor" name="fct_discard_works_as_expected"/>
    <testcase time="0.00499999999999545" classname="utils_factor" name="fct_explicit_na_if_works_as_expected_with_factor_input"/>
    <testcase time="0.019999999999996" classname="utils_factor" name="fct_explicit_na_if_works_as_expected_with_factor_input"/>
    <testcase time="0.00600000000000023" classname="utils_factor" name="fct_collapse_only_works_as_expected"/>
    <testcase time="0.019999999999996" classname="utils_factor" name="fct_collapse_only_works_as_expected"/>
    <testcase time="0.00500000000000966" classname="utils_factor" name="fct_collapse_only_uses_the_customized_na_level_as_expected"/>
    <testcase time="0.0189999999999912" classname="utils_factor" name="fct_collapse_only_uses_the_customized_na_level_as_expected"/>
    <testcase time="0.00500000000000966" classname="utils_factor" name="fct_collapse_only_works_as_expected_with_character_input"/>
    <testcase time="0.019999999999996" classname="utils_factor" name="fct_collapse_only_works_as_expected_with_character_input"/>
    <testcase time="0.00799999999999557" classname="utils_factor" name="fct_collapse_only_gives_comprehensible_error_when_.na_level_is_contained_in_new_levels"/>
  </testsuite>
  <testsuite name="utils_ggplot" timestamp="2024-10-17T14:47:16Z" hostname="226d6849429d" tests="6" skipped="3" failures="0" errors="0" time="0.484">
    <testcase time="0.183000000000007" classname="utils_ggplot" name="rtable2gg_works_as_expected"/>
    <testcase time="0.000999999999990564" classname="utils_ggplot" name="rtable2gg_works_as_expected">
      <skipped message="Reason: On CI ('test-utils_ggplot.R:19:3')"/>
    </testcase>
    <testcase time="0.27000000000001" classname="utils_ggplot" name="rtable2gg_works_with_multiple_column_splits"/>
    <testcase time="0.000999999999990564" classname="utils_ggplot" name="rtable2gg_works_with_multiple_column_splits">
      <skipped message="Reason: On CI ('test-utils_ggplot.R:53:3')"/>
    </testcase>
    <testcase time="0.0280000000000058" classname="utils_ggplot" name="df2gg_works_as_expected"/>
    <testcase time="0.00100000000000477" classname="utils_ggplot" name="df2gg_works_as_expected">
      <skipped message="Reason: On CI ('test-utils_ggplot.R:59:3')"/>
    </testcase>
  </testsuite>
  <testsuite name="utils_grid" timestamp="2024-10-17T14:47:17Z" hostname="226d6849429d" tests="8" skipped="0" failures="0" errors="0" time="0.193">
    <testcase time="0.0309999999999917" classname="utils_grid" name="stack_grobs_works_with_default_settings"/>
    <testcase time="0.0150000000000006" classname="utils_grid" name="stack_grobs_works_with_a_single_grob"/>
    <testcase time="0.0310000000000059" classname="utils_grid" name="arrange_grobs_works_with_default_settings"/>
    <testcase time="0.0210000000000008" classname="utils_grid" name="arrange_grobs_works_with_multiple_dimensions"/>
    <testcase time="0.0309999999999917" classname="utils_grid" name="arrange_grobs_works_with_a_single_column"/>
    <testcase time="0.0319999999999965" classname="utils_grid" name="arrange_grobs_returns_error_when_invalid_dimensions_are_given"/>
    <testcase time="0.0160000000000053" classname="utils_grid" name="arrange_grobs_works_with_a_single_grob"/>
    <testcase time="0.0160000000000053" classname="utils_grid" name="draw_grob_works_with_viewport_specified"/>
  </testsuite>
  <testsuite name="utils_rtables" timestamp="2024-10-17T14:47:17Z" hostname="226d6849429d" tests="59" skipped="0" failures="0" errors="0" time="4.089">
    <testcase time="0.783000000000001" classname="utils_rtables" name="to_string_matrix_works_correctly"/>
    <testcase time="0.0210000000000008" classname="utils_rtables" name="to_string_matrix_works_correctly"/>
    <testcase time="0.0829999999999984" classname="utils_rtables" name="to_string_matrix_works_correctly"/>
    <testcase time="0.0210000000000008" classname="utils_rtables" name="to_string_matrix_works_correctly"/>
    <testcase time="0.0729999999999933" classname="utils_rtables" name="to_string_matrix_works_correctly"/>
    <testcase time="0.0210000000000008" classname="utils_rtables" name="to_string_matrix_works_correctly"/>
    <testcase time="0.0829999999999984" classname="utils_rtables" name="to_string_matrix_works_correctly"/>
    <testcase time="0.019999999999996" classname="utils_rtables" name="to_string_matrix_works_correctly"/>
    <testcase time="0.00500000000000966" classname="utils_rtables" name="unlist_and_blank_na_works_as_expected_if_not_all_missing"/>
    <testcase time="0.0189999999999912" classname="utils_rtables" name="unlist_and_blank_na_works_as_expected_if_not_all_missing"/>
    <testcase time="0.00500000000000966" classname="utils_rtables" name="unlist_and_blank_na_works_as_expected_if_all_missing"/>
    <testcase time="0.0189999999999912" classname="utils_rtables" name="unlist_and_blank_na_works_as_expected_if_all_missing"/>
    <testcase time="0.00400000000000489" classname="utils_rtables" name="cfun_by_flag_works_as_expected"/>
    <testcase time="0.00199999999999534" classname="utils_rtables" name="cfun_by_flag_works_as_expected"/>
    <testcase time="0.0200000000000102" classname="utils_rtables" name="cfun_by_flag_works_as_expected"/>
    <testcase time="0.00399999999999068" classname="utils_rtables" name="labels_or_names_works_correctly"/>
    <testcase time="0.0200000000000102" classname="utils_rtables" name="labels_or_names_works_correctly"/>
    <testcase time="0.000999999999990564" classname="utils_rtables" name="labels_or_names_works_correctly"/>
    <testcase time="0.019999999999996" classname="utils_rtables" name="labels_or_names_works_correctly"/>
    <testcase time="0.00100000000000477" classname="utils_rtables" name="labels_or_names_works_correctly"/>
    <testcase time="0.019999999999996" classname="utils_rtables" name="labels_or_names_works_correctly"/>
    <testcase time="0.00100000000000477" classname="utils_rtables" name="labels_or_names_works_correctly"/>
    <testcase time="0.0250000000000057" classname="utils_rtables" name="labels_or_names_works_correctly"/>
    <testcase time="0.00499999999999545" classname="utils_rtables" name="c_label_n_works_as_expected"/>
    <testcase time="0.019999999999996" classname="utils_rtables" name="c_label_n_works_as_expected"/>
    <testcase time="0.00500000000000966" classname="utils_rtables" name="c_label_n_alt_works_as_expected"/>
    <testcase time="0.0189999999999912" classname="utils_rtables" name="c_label_n_alt_works_as_expected"/>
    <testcase time="0.0379999999999967" classname="utils_rtables" name="add_rowcounts_works_with_one_row_split"/>
    <testcase time="0.0400000000000063" classname="utils_rtables" name="add_rowcounts_works_with_one_row_split"/>
    <testcase time="1.105" classname="utils_rtables" name="add_rowcounts_works_with_multiple_column_and_row_splits"/>
    <testcase time="0.317999999999998" classname="utils_rtables" name="add_rowcounts_works_with_multiple_column_and_row_splits"/>
    <testcase time="0.100999999999999" classname="utils_rtables" name="add_rowcounts_works_with_pruning"/>
    <testcase time="0.0690000000000026" classname="utils_rtables" name="add_rowcounts_works_with_pruning"/>
    <testcase time="0.070999999999998" classname="utils_rtables" name="add_rowcounts_works_with_pruning"/>
    <testcase time="0.0570000000000022" classname="utils_rtables" name="add_rowcounts_works_with_pruning"/>
    <testcase time="0.103999999999999" classname="utils_rtables" name="add_rowcounts_works_with_alt_counts_TRUE"/>
    <testcase time="0.0699999999999932" classname="utils_rtables" name="add_rowcounts_works_with_alt_counts_TRUE"/>
    <testcase time="0.0250000000000057" classname="utils_rtables" name="h_col_indices_works_as_expected"/>
    <testcase time="0.0250000000000057" classname="utils_rtables" name="h_col_indices_works_as_expected"/>
    <testcase time="0.0209999999999866" classname="utils_rtables" name="as.rtable.data.frame_works_correctly"/>
    <testcase time="0.0640000000000072" classname="utils_rtables" name="as.rtable.data.frame_works_correctly"/>
    <testcase time="0.00799999999999557" classname="utils_rtables" name="as.rtable.data.frame_fails_when_a_column_is_not_numeric"/>
    <testcase time="0.0210000000000008" classname="utils_rtables" name="as.rtable.data.frame_uses_variable_labels_for_column_headers_when_they_are_available"/>
    <testcase time="0.019999999999996" classname="utils_rtables" name="as.rtable.data.frame_uses_variable_labels_for_column_headers_when_they_are_available"/>
    <testcase time="0.00400000000000489" classname="utils_rtables" name="h_split_param_divides_param_values"/>
    <testcase time="0.019999999999996" classname="utils_rtables" name="h_split_param_divides_param_values"/>
    <testcase time="0.00100000000000477" classname="utils_rtables" name="h_split_param_divides_param_values"/>
    <testcase time="0.019999999999996" classname="utils_rtables" name="h_split_param_divides_param_values"/>
    <testcase time="0.00400000000000489" classname="utils_rtables" name="afun_selected_stats_works_for_NULL_input"/>
    <testcase time="0.019999999999996" classname="utils_rtables" name="afun_selected_stats_works_for_NULL_input"/>
    <testcase time="0.00400000000000489" classname="utils_rtables" name="afun_selected_stats_works_for_character_input"/>
    <testcase time="0.019999999999996" classname="utils_rtables" name="afun_selected_stats_works_for_character_input"/>
    <testcase time="0.0949999999999989" classname="utils_rtables" name="append_varlabels_works_as_expected"/>
    <testcase time="0.0679999999999978" classname="utils_rtables" name="append_varlabels_works_as_expected"/>
    <testcase time="0.0830000000000126" classname="utils_rtables" name="append_varlabels_correctly_concatenates_multiple_variable_labels"/>
    <testcase time="0.0729999999999933" classname="utils_rtables" name="append_varlabels_correctly_concatenates_multiple_variable_labels"/>
    <testcase time="0.125" classname="utils_rtables" name="default_na_str_works_properly"/>
    <testcase time="0.0379999999999967" classname="utils_rtables" name="default_na_str_works_properly"/>
    <testcase time="0.0370000000000061" classname="utils_rtables" name="default_na_str_works_properly"/>
  </testsuite>
  <testsuite name="utils_split_fun" timestamp="2024-10-17T14:47:21Z" hostname="226d6849429d" tests="19" skipped="0" failures="0" errors="0" time="1.26">
    <testcase time="0.0319999999999965" classname="utils_split_fun" name="ref_group_position_last_split_fun_gives_error_when_ref_group_is_undefined"/>
    <testcase time="0.0799999999999983" classname="utils_split_fun" name="analyze_vars_works_as_expected_with_ref_group_position_last_split_fun"/>
    <testcase time="0.00300000000000011" classname="utils_split_fun" name="analyze_vars_works_as_expected_with_ref_group_position_last_split_fun"/>
    <testcase time="0.0760000000000076" classname="utils_split_fun" name="analyze_vars_works_as_expected_with_ref_group_position_last_split_fun"/>
    <testcase time="0.0630000000000024" classname="utils_split_fun" name="analyze_vars_works_as_expected_with_ref_group_position_last_split_fun"/>
    <testcase time="0.0649999999999977" classname="utils_split_fun" name="compare_vars_works_as_expected_with_ref_group_first_split_fun"/>
    <testcase time="0.00300000000000011" classname="utils_split_fun" name="compare_vars_works_as_expected_with_ref_group_first_split_fun"/>
    <testcase time="0.0649999999999977" classname="utils_split_fun" name="compare_vars_works_as_expected_with_ref_group_first_split_fun"/>
    <testcase time="0.11999999999999" classname="utils_split_fun" name="summarize_ancova_works_as_expected_with_ref_group_position_split_fun"/>
    <testcase time="0.00300000000000011" classname="utils_split_fun" name="summarize_ancova_works_as_expected_with_ref_group_position_split_fun"/>
    <testcase time="0.0590000000000117" classname="utils_split_fun" name="summarize_ancova_works_as_expected_with_ref_group_position_split_fun"/>
    <testcase time="0.100999999999999" classname="utils_split_fun" name="binary_endpoint_layouts_work_as_expected_with_ref_group_position_last_split_fun"/>
    <testcase time="0.00300000000000011" classname="utils_split_fun" name="binary_endpoint_layouts_work_as_expected_with_ref_group_position_last_split_fun"/>
    <testcase time="0.0579999999999927" classname="utils_split_fun" name="binary_endpoint_layouts_work_as_expected_with_ref_group_position_last_split_fun"/>
    <testcase time="0.13000000000001" classname="utils_split_fun" name="time_to_event_layouts_works_as_expected_with_ref_group_position_last_split_fun"/>
    <testcase time="0.083999999999989" classname="utils_split_fun" name="time_to_event_layouts_works_as_expected_with_ref_group_position_last_split_fun"/>
    <testcase time="0.13300000000001" classname="utils_split_fun" name="summarize_ancova_works_as_expected_with_ref_group_position_last_split_fun"/>
    <testcase time="0.0519999999999925" classname="utils_split_fun" name="summarize_ancova_works_as_expected_with_ref_group_position_last_split_fun"/>
    <testcase time="0.129999999999995" classname="utils_split_fun" name="level_order_works_for_integerish_and_characters"/>
  </testsuite>
</testsuites>
